<?xml version="1.0" encoding="UTF-8"?>
<!-- Generated by org.testng.reporters.JUnitReportReporter -->
<testsuite hostname="LAPTOP-9U4PBHD6" failures="0" tests="2" name="Test_scenerios.GoogleSearch_testcase" time="17.245" errors="0" timestamp="2023-06-05T15:54:34 IST" skipped="0">
  <testcase classname="Test_scenerios.GoogleSearch_testcase" name="SearchAndClickOn_FB" time="9.540"/>
  <system-out/>
  <testcase classname="Test_scenerios.GoogleSearch_testcase" name="verifyLoginFunctionality" time="7.705"/>
  <system-out/>
</testsuite> <!-- Test_scenerios.GoogleSearch_testcase -->
